<?xml version="1.0" encoding="UTF-8"?>
<testng-results ignored="0" total="4" passed="4" failed="0" skipped="0">
  <reporter-output>
  </reporter-output>
  <suite started-at="2024-08-28T12:05:51 IST" name="PetSuite" finished-at="2024-08-28T12:06:10 IST" duration-ms="18413">
    <groups>
    </groups>
    <test started-at="2024-08-28T12:05:51 IST" name="PetTests" finished-at="2024-08-28T12:06:10 IST" duration-ms="18413">
      <class name="api.test.UserTests2">
        <test-method is-config="true" signature="setupData()[pri:0, instance:api.test.UserTests2@35ef1869]" started-at="2024-08-28T12:05:51 IST" name="setupData" finished-at="2024-08-28T12:05:52 IST" duration-ms="947" status="PASS">
          <reporter-output>
          </reporter-output>
        </test-method> <!-- setupData -->
        <test-method signature="testPostUser()[pri:1, instance:api.test.UserTests2@35ef1869]" started-at="2024-08-28T12:05:52 IST" name="testPostUser" finished-at="2024-08-28T12:05:58 IST" duration-ms="5539" status="PASS">
          <reporter-output>
          </reporter-output>
        </test-method> <!-- testPostUser -->
        <test-method signature="testGetUserByName()[pri:2, instance:api.test.UserTests2@35ef1869]" started-at="2024-08-28T12:05:58 IST" name="testGetUserByName" finished-at="2024-08-28T12:06:00 IST" duration-ms="2454" status="PASS">
          <reporter-output>
          </reporter-output>
        </test-method> <!-- testGetUserByName -->
        <test-method signature="testUpdateUser()[pri:3, instance:api.test.UserTests2@35ef1869]" started-at="2024-08-28T12:06:00 IST" name="testUpdateUser" finished-at="2024-08-28T12:06:06 IST" duration-ms="5205" status="PASS">
          <reporter-output>
          </reporter-output>
        </test-method> <!-- testUpdateUser -->
        <test-method signature="testDeleteUserByName()[pri:4, instance:api.test.UserTests2@35ef1869]" started-at="2024-08-28T12:06:06 IST" name="testDeleteUserByName" finished-at="2024-08-28T12:06:10 IST" duration-ms="3982" status="PASS">
          <reporter-output>
          </reporter-output>
        </test-method> <!-- testDeleteUserByName -->
      </class> <!-- api.test.UserTests2 -->
    </test> <!-- PetTests -->
  </suite> <!-- PetSuite -->
</testng-results>
