<?xml version="1.0" encoding="UTF-8"?>
<!-- Generated by org.testng.reporters.JUnitXMLReporter -->
<testsuite ignored="0" hostname="DESKTOP-L07UMCJ" failures="0" tests="4" name="PetTests" time="18.413" errors="0" timestamp="2024-08-28T12:06:10 IST">
  <testcase classname="api.test.UserTests2" name="testPostUser" time="5.539"/>
  <testcase classname="api.test.UserTests2" name="testGetUserByName" time="2.454"/>
  <testcase classname="api.test.UserTests2" name="testUpdateUser" time="5.205"/>
  <testcase classname="api.test.UserTests2" name="testDeleteUserByName" time="3.982"/>
</testsuite> <!-- PetTests -->
