<?xml version="1.0" encoding="UTF-8"?>
<!-- Generated by org.testng.reporters.JUnitXMLReporter -->
<testsuite ignored="0" hostname="DESKTOP-L07UMCJ" failures="0" tests="4" name="PetTests" time="19.714" errors="0" timestamp="2024-08-28T11:15:59 IST">
  <testcase classname="api.test.UserTests2" name="testPostUser" time="7.042"/>
  <testcase classname="api.test.UserTests2" name="testGetUserByName" time="3.459"/>
  <testcase classname="api.test.UserTests2" name="testUpdateUser" time="5.821"/>
  <testcase classname="api.test.UserTests2" name="testDeleteUserByName" time="1.98"/>
</testsuite> <!-- PetTests -->
